0 info it worked if it ends with ok
1 verbose cli [ '/usr/local/bin/iojs', '/usr/local/bin/npm', 'publish' ]
2 info using npm@2.11.1
3 info using node@v2.3.0
4 verbose publish [ '.' ]
5 silly cache add args [ '.', null ]
6 verbose cache add spec .
7 silly cache add parsed spec { raw: '.',
7 silly cache add   scope: null,
7 silly cache add   name: null,
7 silly cache add   rawSpec: '.',
7 silly cache add   spec: '/Users/thakerng/Desktop/Quazars/Quazars',
7 silly cache add   type: 'directory' }
8 verbose addLocalDirectory /Users/thakerng/.npm/quazars/0.0.1/package.tgz not in flight; packing
9 verbose tar pack [ '/Users/thakerng/.npm/quazars/0.0.1/package.tgz',
9 verbose tar pack   '/Users/thakerng/Desktop/Quazars/Quazars' ]
10 verbose tarball /Users/thakerng/.npm/quazars/0.0.1/package.tgz
11 verbose folder /Users/thakerng/Desktop/Quazars/Quazars
12 info prepublish quazars@0.0.1
13 verbose addLocalTarball adding from inside cache /Users/thakerng/.npm/quazars/0.0.1/package.tgz
14 silly cache afterAdd quazars@0.0.1
15 verbose afterAdd /Users/thakerng/.npm/quazars/0.0.1/package/package.json not in flight; writing
16 verbose afterAdd /Users/thakerng/.npm/quazars/0.0.1/package/package.json written
17 silly publish { name: 'quazars',
17 silly publish   version: '0.0.1',
17 silly publish   description: 'nodejs package development core',
17 silly publish   main: 'index.js',
17 silly publish   directories: { test: 'test' },
17 silly publish   scripts:
17 silly publish    { preinstall: 'find . -name \'*.ts\' -type f > alltsfile.txt',
17 silly publish      postinstall: 'tsc $(cat alltsfile.txt) --module commonjs --target es5',
17 silly publish      test: 'mocha' },
17 silly publish   repository: { type: 'git', url: 'https://github.com/Quazars/quazars.git' },
17 silly publish   author: '',
17 silly publish   license: 'MIT',
17 silly publish   bugs: { url: 'https://github.com/Quazars/quazars/issues' },
17 silly publish   homepage: 'https://github.com/Quazars/quazars',
17 silly publish   dependencies:
17 silly publish    { 'body-parser': '^1.13.1',
17 silly publish      'cookie-parser': '^1.3.5',
17 silly publish      express: '^4.13.0',
17 silly publish      fs: '0.0.2',
17 silly publish      lodash: '^3.10.0',
17 silly publish      morgan: '^1.6.0',
17 silly publish      'node-libs-browser': '^0.5.2',
17 silly publish      nunjucks: '^1.3.4',
17 silly publish      path: '^0.11.14',
17 silly publish      'serialize-javascript': '^1.0.0',
17 silly publish      typescript: '^1.5.0-beta',
17 silly publish      webpack: '^1.10.0' },
17 silly publish   devDependencies: { assert: '^1.3.0' },
17 silly publish   readme: '# quazars\n\nnodejs package development core\n',
17 silly publish   readmeFilename: 'README.md',
17 silly publish   gitHead: '659010ace5897260527892e8d97166c83587f884',
17 silly publish   _id: 'quazars@0.0.1',
17 silly publish   _shasum: 'c87f9ebc15df3beab088cff6b257e8e76079bb51',
17 silly publish   _from: '.' }
18 verbose getPublishConfig undefined
19 silly mapToRegistry name quazars
20 silly mapToRegistry using default registry
21 silly mapToRegistry registry https://registry.npmjs.org/
22 silly mapToRegistry uri https://registry.npmjs.org/quazars
23 verbose publish registryBase https://registry.npmjs.org/
24 silly publish uploading /Users/thakerng/.npm/quazars/0.0.1/package.tgz
25 verbose request uri https://registry.npmjs.org/quazars
26 verbose request sending authorization for write operation
27 info attempt registry request try #1 at 22:19:29
28 verbose request using bearer token for auth
29 verbose request id 79a3e333ba6f669a
30 http request PUT https://registry.npmjs.org/quazars
31 http 403 https://registry.npmjs.org/quazars
32 verbose headers { 'content-type': 'application/json',
32 verbose headers   'cache-control': 'max-age=60',
32 verbose headers   'content-length': '95',
32 verbose headers   'accept-ranges': 'bytes',
32 verbose headers   date: 'Thu, 02 Jul 2015 15:19:30 GMT',
32 verbose headers   via: '1.1 varnish',
32 verbose headers   connection: 'keep-alive',
32 verbose headers   'x-served-by': 'cache-sin6921-SIN',
32 verbose headers   'x-cache': 'MISS',
32 verbose headers   'x-cache-hits': '0',
32 verbose headers   'x-timer': 'S1435850369.307972,VS0,VE1244' }
33 verbose request invalidating /Users/thakerng/.npm/registry.npmjs.org/quazars on PUT
34 error publish Failed PUT 403
35 verbose stack Error: "You cannot publish over the previously published version 0.0.1." : quazars
35 verbose stack     at CachingRegistryClient.<anonymous> (/usr/local/lib/node_modules/npm/node_modules/npm-registry-client/lib/request.js:247:14)
35 verbose stack     at Request._callback (/usr/local/lib/node_modules/npm/node_modules/npm-registry-client/lib/request.js:170:14)
35 verbose stack     at Request.self.callback (/usr/local/lib/node_modules/npm/node_modules/request/request.js:354:22)
35 verbose stack     at emitTwo (events.js:87:13)
35 verbose stack     at Request.emit (events.js:172:7)
35 verbose stack     at Request.<anonymous> (/usr/local/lib/node_modules/npm/node_modules/request/request.js:1207:14)
35 verbose stack     at emitOne (events.js:82:20)
35 verbose stack     at Request.emit (events.js:169:7)
35 verbose stack     at IncomingMessage.<anonymous> (/usr/local/lib/node_modules/npm/node_modules/request/request.js:1153:12)
35 verbose stack     at emitNone (events.js:72:20)
36 verbose statusCode 403
37 verbose pkgid quazars
38 verbose cwd /Users/thakerng/Desktop/Quazars/Quazars
39 error Darwin 14.3.0
40 error argv "/usr/local/bin/iojs" "/usr/local/bin/npm" "publish"
41 error node v2.3.0
42 error npm  v2.11.1
43 error code E403
44 error "You cannot publish over the previously published version 0.0.1." : quazars
45 error If you need help, you may report this error at:
45 error     <https://github.com/npm/npm/issues>
46 verbose exit [ 1, true ]
